INFO NioProcessor-2 org.apache.mina.filter.logging.LoggingFilter - IDLE
INFO NioProcessor-2 org.apache.mina.filter.logging.LoggingFilter - IDLE
INFO NioProcessor-2 org.apache.mina.filter.logging.LoggingFilter - IDLE
INFO NioProcessor-2 org.apache.mina.filter.logging.LoggingFilter - RECEIVED: HeapBuffer[pos=0 lim=218 cap=256: 00 00 00 D6 AC ED 00 05 73 72 01 00 30 64 61 74...]
INFO NioProcessor-2 org.apache.mina.filter.logging.LoggingFilter - SENT: HeapBuffer[pos=0 lim=144 cap=256: 00 00 00 8C AC ED 00 05 73 72 01 00 31 64 61 74...]
INFO NioProcessor-2 org.apache.mina.filter.logging.LoggingFilter - SENT: HeapBuffer[pos=0 lim=0 cap=0: empty]
INFO NioProcessor-2 org.apache.mina.filter.logging.LoggingFilter - RECEIVED: HeapBuffer[pos=0 lim=95 cap=133: 00 00 00 5B AC ED 00 05 73 72 01 00 2A 64 61 74...]
INFO NioProcessor-2 org.apache.mina.filter.logging.LoggingFilter - SENT: HeapBuffer[pos=0 lim=375 cap=512: 00 00 01 73 AC ED 00 05 73 72 01 00 28 64 61 74...]
INFO NioProcessor-2 org.apache.mina.filter.logging.LoggingFilter - SENT: HeapBuffer[pos=0 lim=0 cap=0: empty]
INFO NioProcessor-2 org.apache.mina.filter.logging.LoggingFilter - RECEIVED: HeapBuffer[pos=0 lim=98 cap=136: 00 00 00 5E AC ED 00 05 73 72 01 00 2D 64 61 74...]
INFO NioProcessor-2 org.apache.mina.filter.logging.LoggingFilter - SENT: HeapBuffer[pos=0 lim=295 cap=512: 00 00 01 23 AC ED 00 05 73 72 01 00 2E 64 61 74...]
INFO NioProcessor-2 org.apache.mina.filter.logging.LoggingFilter - SENT: HeapBuffer[pos=0 lim=0 cap=0: empty]
INFO NioProcessor-2 org.apache.mina.filter.logging.LoggingFilter - IDLE
INFO NioProcessor-2 org.apache.mina.filter.logging.LoggingFilter - IDLE
INFO NioProcessor-2 org.apache.mina.filter.logging.LoggingFilter - RECEIVED: HeapBuffer[pos=0 lim=406 cap=444: 00 00 01 92 AC ED 00 05 73 72 01 00 38 64 61 74...]
INFO NioProcessor-2 org.apache.mina.filter.logging.LoggingFilter - SENT: HeapBuffer[pos=0 lim=174 cap=256: 00 00 00 AA AC ED 00 05 73 72 01 00 39 64 61 74...]
INFO NioProcessor-2 org.apache.mina.filter.logging.LoggingFilter - SENT: HeapBuffer[pos=0 lim=0 cap=0: empty]
INFO NioProcessor-2 org.apache.mina.filter.logging.LoggingFilter - IDLE
INFO NioProcessor-2 org.apache.mina.filter.logging.LoggingFilter - IDLE
INFO NioProcessor-2 org.apache.mina.filter.logging.LoggingFilter - IDLE
INFO NioProcessor-2 org.apache.mina.filter.logging.LoggingFilter - IDLE
INFO NioProcessor-2 org.apache.mina.filter.logging.LoggingFilter - IDLE
INFO NioProcessor-2 org.apache.mina.filter.logging.LoggingFilter - IDLE
INFO NioProcessor-2 org.apache.mina.filter.logging.LoggingFilter - IDLE
INFO NioProcessor-2 org.apache.mina.filter.logging.LoggingFilter - CLOSED
INFO NioProcessor-3 org.apache.mina.filter.logging.LoggingFilter - CREATED
INFO NioProcessor-3 org.apache.mina.filter.logging.LoggingFilter - OPENED
INFO NioProcessor-3 org.apache.mina.filter.logging.LoggingFilter - IDLE
INFO NioProcessor-3 org.apache.mina.filter.logging.LoggingFilter - RECEIVED: HeapBuffer[pos=0 lim=95 cap=133: 00 00 00 5B AC ED 00 05 73 72 01 00 2A 64 61 74...]
INFO NioProcessor-3 org.apache.mina.filter.logging.LoggingFilter - SENT: HeapBuffer[pos=0 lim=375 cap=512: 00 00 01 73 AC ED 00 05 73 72 01 00 28 64 61 74...]
INFO NioProcessor-3 org.apache.mina.filter.logging.LoggingFilter - SENT: HeapBuffer[pos=0 lim=0 cap=0: empty]
INFO NioProcessor-3 org.apache.mina.filter.logging.LoggingFilter - RECEIVED: HeapBuffer[pos=0 lim=98 cap=136: 00 00 00 5E AC ED 00 05 73 72 01 00 2D 64 61 74...]
INFO NioProcessor-3 org.apache.mina.filter.logging.LoggingFilter - SENT: HeapBuffer[pos=0 lim=295 cap=512: 00 00 01 23 AC ED 00 05 73 72 01 00 2E 64 61 74...]
INFO NioProcessor-3 org.apache.mina.filter.logging.LoggingFilter - SENT: HeapBuffer[pos=0 lim=0 cap=0: empty]
INFO NioProcessor-3 org.apache.mina.filter.logging.LoggingFilter - IDLE
INFO NioProcessor-3 org.apache.mina.filter.logging.LoggingFilter - IDLE
INFO NioProcessor-3 org.apache.mina.filter.logging.LoggingFilter - RECEIVED: HeapBuffer[pos=0 lim=405 cap=443: 00 00 01 91 AC ED 00 05 73 72 01 00 38 64 61 74...]
INFO NioProcessor-3 org.apache.mina.filter.logging.LoggingFilter - SENT: HeapBuffer[pos=0 lim=174 cap=256: 00 00 00 AA AC ED 00 05 73 72 01 00 39 64 61 74...]
INFO NioProcessor-3 org.apache.mina.filter.logging.LoggingFilter - SENT: HeapBuffer[pos=0 lim=0 cap=0: empty]
INFO NioProcessor-3 org.apache.mina.filter.logging.LoggingFilter - IDLE
INFO NioProcessor-3 org.apache.mina.filter.logging.LoggingFilter - IDLE
INFO NioProcessor-3 org.apache.mina.filter.logging.LoggingFilter - RECEIVED: HeapBuffer[pos=0 lim=95 cap=133: 00 00 00 5B AC ED 00 05 73 72 01 00 2A 64 61 74...]
INFO NioProcessor-3 org.apache.mina.filter.logging.LoggingFilter - SENT: HeapBuffer[pos=0 lim=375 cap=512: 00 00 01 73 AC ED 00 05 73 72 01 00 28 64 61 74...]
INFO NioProcessor-3 org.apache.mina.filter.logging.LoggingFilter - SENT: HeapBuffer[pos=0 lim=0 cap=0: empty]
INFO NioProcessor-3 org.apache.mina.filter.logging.LoggingFilter - RECEIVED: HeapBuffer[pos=0 lim=98 cap=136: 00 00 00 5E AC ED 00 05 73 72 01 00 2D 64 61 74...]
INFO NioProcessor-3 org.apache.mina.filter.logging.LoggingFilter - SENT: HeapBuffer[pos=0 lim=295 cap=512: 00 00 01 23 AC ED 00 05 73 72 01 00 2E 64 61 74...]
INFO NioProcessor-3 org.apache.mina.filter.logging.LoggingFilter - SENT: HeapBuffer[pos=0 lim=0 cap=0: empty]
INFO NioProcessor-3 org.apache.mina.filter.logging.LoggingFilter - IDLE
INFO NioProcessor-3 org.apache.mina.filter.logging.LoggingFilter - RECEIVED: HeapBuffer[pos=0 lim=296 cap=334: 00 00 01 24 AC ED 00 05 73 72 01 00 38 64 61 74...]
INFO NioProcessor-3 org.apache.mina.filter.logging.LoggingFilter - RECEIVED: HeapBuffer[pos=0 lim=296 cap=334: 00 00 01 24 AC ED 00 05 73 72 01 00 38 64 61 74...]
INFO NioProcessor-3 org.apache.mina.filter.logging.LoggingFilter - RECEIVED: HeapBuffer[pos=0 lim=296 cap=334: 00 00 01 24 AC ED 00 05 73 72 01 00 38 64 61 74...]
INFO NioProcessor-3 org.apache.mina.filter.logging.LoggingFilter - RECEIVED: HeapBuffer[pos=0 lim=296 cap=334: 00 00 01 24 AC ED 00 05 73 72 01 00 38 64 61 74...]
INFO NioProcessor-3 org.apache.mina.filter.logging.LoggingFilter - IDLE
INFO NioProcessor-3 org.apache.mina.filter.logging.LoggingFilter - IDLE
INFO NioProcessor-3 org.apache.mina.filter.logging.LoggingFilter - RECEIVED: HeapBuffer[pos=0 lim=95 cap=133: 00 00 00 5B AC ED 00 05 73 72 01 00 2A 64 61 74...]
INFO NioProcessor-3 org.apache.mina.filter.logging.LoggingFilter - SENT: HeapBuffer[pos=0 lim=375 cap=512: 00 00 01 73 AC ED 00 05 73 72 01 00 28 64 61 74...]
INFO NioProcessor-3 org.apache.mina.filter.logging.LoggingFilter - SENT: HeapBuffer[pos=0 lim=0 cap=0: empty]
INFO NioProcessor-3 org.apache.mina.filter.logging.LoggingFilter - RECEIVED: HeapBuffer[pos=0 lim=98 cap=136: 00 00 00 5E AC ED 00 05 73 72 01 00 2D 64 61 74...]
INFO NioProcessor-3 org.apache.mina.filter.logging.LoggingFilter - SENT: HeapBuffer[pos=0 lim=295 cap=512: 00 00 01 23 AC ED 00 05 73 72 01 00 2E 64 61 74...]
INFO NioProcessor-3 org.apache.mina.filter.logging.LoggingFilter - SENT: HeapBuffer[pos=0 lim=0 cap=0: empty]
INFO NioProcessor-3 org.apache.mina.filter.logging.LoggingFilter - IDLE
INFO NioProcessor-3 org.apache.mina.filter.logging.LoggingFilter - IDLE
INFO NioProcessor-3 org.apache.mina.filter.logging.LoggingFilter - IDLE
INFO NioProcessor-3 org.apache.mina.filter.logging.LoggingFilter - IDLE
INFO NioProcessor-3 org.apache.mina.filter.logging.LoggingFilter - IDLE
INFO NioProcessor-3 org.apache.mina.filter.logging.LoggingFilter - IDLE
INFO NioProcessor-3 org.apache.mina.filter.logging.LoggingFilter - IDLE
INFO NioProcessor-3 org.apache.mina.filter.logging.LoggingFilter - IDLE
INFO NioProcessor-3 org.apache.mina.filter.logging.LoggingFilter - IDLE
INFO NioProcessor-3 org.apache.mina.filter.logging.LoggingFilter - IDLE
INFO NioProcessor-3 org.apache.mina.filter.logging.LoggingFilter - IDLE
INFO NioProcessor-3 org.apache.mina.filter.logging.LoggingFilter - IDLE
INFO NioProcessor-3 org.apache.mina.filter.logging.LoggingFilter - IDLE
INFO NioProcessor-3 org.apache.mina.filter.logging.LoggingFilter - IDLE
INFO NioProcessor-3 org.apache.mina.filter.logging.LoggingFilter - IDLE
INFO NioProcessor-3 org.apache.mina.filter.logging.LoggingFilter - IDLE
INFO NioProcessor-3 org.apache.mina.filter.logging.LoggingFilter - IDLE
INFO NioProcessor-3 org.apache.mina.filter.logging.LoggingFilter - IDLE
INFO NioProcessor-3 org.apache.mina.filter.logging.LoggingFilter - IDLE
INFO NioProcessor-3 org.apache.mina.filter.logging.LoggingFilter - IDLE
INFO NioProcessor-3 org.apache.mina.filter.logging.LoggingFilter - IDLE
INFO NioProcessor-3 org.apache.mina.filter.logging.LoggingFilter - IDLE
INFO NioProcessor-3 org.apache.mina.filter.logging.LoggingFilter - CLOSED
INFO NioProcessor-4 org.apache.mina.filter.logging.LoggingFilter - CREATED
INFO NioProcessor-4 org.apache.mina.filter.logging.LoggingFilter - OPENED
INFO NioProcessor-4 org.apache.mina.filter.logging.LoggingFilter - IDLE
INFO NioProcessor-4 org.apache.mina.filter.logging.LoggingFilter - IDLE
INFO NioProcessor-4 org.apache.mina.filter.logging.LoggingFilter - RECEIVED: HeapBuffer[pos=0 lim=95 cap=133: 00 00 00 5B AC ED 00 05 73 72 01 00 2A 64 61 74...]
INFO NioProcessor-4 org.apache.mina.filter.logging.LoggingFilter - SENT: HeapBuffer[pos=0 lim=375 cap=512: 00 00 01 73 AC ED 00 05 73 72 01 00 28 64 61 74...]
INFO NioProcessor-4 org.apache.mina.filter.logging.LoggingFilter - SENT: HeapBuffer[pos=0 lim=0 cap=0: empty]
INFO NioProcessor-4 org.apache.mina.filter.logging.LoggingFilter - RECEIVED: HeapBuffer[pos=0 lim=98 cap=136: 00 00 00 5E AC ED 00 05 73 72 01 00 2D 64 61 74...]
INFO NioProcessor-4 org.apache.mina.filter.logging.LoggingFilter - SENT: HeapBuffer[pos=0 lim=295 cap=512: 00 00 01 23 AC ED 00 05 73 72 01 00 2E 64 61 74...]
INFO NioProcessor-4 org.apache.mina.filter.logging.LoggingFilter - SENT: HeapBuffer[pos=0 lim=0 cap=0: empty]
INFO NioProcessor-4 org.apache.mina.filter.logging.LoggingFilter - IDLE
INFO NioProcessor-4 org.apache.mina.filter.logging.LoggingFilter - IDLE
INFO NioProcessor-4 org.apache.mina.filter.logging.LoggingFilter - IDLE
INFO NioProcessor-4 org.apache.mina.filter.logging.LoggingFilter - RECEIVED: HeapBuffer[pos=0 lim=288 cap=326: 00 00 01 1C AC ED 00 05 73 72 01 00 38 64 61 74...]
INFO NioProcessor-4 org.apache.mina.filter.logging.LoggingFilter - IDLE
INFO NioProcessor-4 org.apache.mina.filter.logging.LoggingFilter - RECEIVED: HeapBuffer[pos=0 lim=288 cap=326: 00 00 01 1C AC ED 00 05 73 72 01 00 38 64 61 74...]
INFO NioProcessor-4 org.apache.mina.filter.logging.LoggingFilter - IDLE
INFO NioProcessor-4 org.apache.mina.filter.logging.LoggingFilter - IDLE
INFO NioProcessor-4 org.apache.mina.filter.logging.LoggingFilter - IDLE
INFO NioProcessor-4 org.apache.mina.filter.logging.LoggingFilter - IDLE
INFO NioProcessor-2 org.apache.mina.filter.logging.LoggingFilter - CREATED
INFO NioProcessor-2 org.apache.mina.filter.logging.LoggingFilter - OPENED
INFO NioProcessor-2 org.apache.mina.filter.logging.LoggingFilter - RECEIVED: HeapBuffer[pos=0 lim=95 cap=133: 00 00 00 5B AC ED 00 05 73 72 01 00 2A 64 61 74...]
INFO NioProcessor-2 org.apache.mina.filter.logging.LoggingFilter - SENT: HeapBuffer[pos=0 lim=375 cap=512: 00 00 01 73 AC ED 00 05 73 72 01 00 28 64 61 74...]
INFO NioProcessor-2 org.apache.mina.filter.logging.LoggingFilter - SENT: HeapBuffer[pos=0 lim=0 cap=0: empty]
INFO NioProcessor-2 org.apache.mina.filter.logging.LoggingFilter - RECEIVED: HeapBuffer[pos=0 lim=98 cap=136: 00 00 00 5E AC ED 00 05 73 72 01 00 2D 64 61 74...]
INFO NioProcessor-2 org.apache.mina.filter.logging.LoggingFilter - SENT: HeapBuffer[pos=0 lim=295 cap=512: 00 00 01 23 AC ED 00 05 73 72 01 00 2E 64 61 74...]
INFO NioProcessor-2 org.apache.mina.filter.logging.LoggingFilter - SENT: HeapBuffer[pos=0 lim=0 cap=0: empty]
INFO NioProcessor-2 org.apache.mina.filter.logging.LoggingFilter - RECEIVED: HeapBuffer[pos=0 lim=292 cap=330: 00 00 01 20 AC ED 00 05 73 72 01 00 38 64 61 74...]
INFO NioProcessor-2 org.apache.mina.filter.logging.LoggingFilter - SENT: HeapBuffer[pos=0 lim=153 cap=256: 00 00 00 95 AC ED 00 05 73 72 01 00 39 64 61 74...]
INFO NioProcessor-2 org.apache.mina.filter.logging.LoggingFilter - SENT: HeapBuffer[pos=0 lim=0 cap=0: empty]
INFO NioProcessor-2 org.apache.mina.filter.logging.LoggingFilter - IDLE
INFO NioProcessor-2 org.apache.mina.filter.logging.LoggingFilter - IDLE
INFO NioProcessor-2 org.apache.mina.filter.logging.LoggingFilter - RECEIVED: HeapBuffer[pos=0 lim=408 cap=446: 00 00 01 94 AC ED 00 05 73 72 01 00 38 64 61 74...]
INFO NioProcessor-2 org.apache.mina.filter.logging.LoggingFilter - SENT: HeapBuffer[pos=0 lim=174 cap=256: 00 00 00 AA AC ED 00 05 73 72 01 00 39 64 61 74...]
INFO NioProcessor-2 org.apache.mina.filter.logging.LoggingFilter - SENT: HeapBuffer[pos=0 lim=0 cap=0: empty]
INFO NioProcessor-2 org.apache.mina.filter.logging.LoggingFilter - CLOSED
INFO NioProcessor-3 org.apache.mina.filter.logging.LoggingFilter - CREATED
INFO NioProcessor-3 org.apache.mina.filter.logging.LoggingFilter - OPENED
INFO NioProcessor-3 org.apache.mina.filter.logging.LoggingFilter - RECEIVED: HeapBuffer[pos=0 lim=95 cap=133: 00 00 00 5B AC ED 00 05 73 72 01 00 2A 64 61 74...]
INFO NioProcessor-3 org.apache.mina.filter.logging.LoggingFilter - SENT: HeapBuffer[pos=0 lim=375 cap=512: 00 00 01 73 AC ED 00 05 73 72 01 00 28 64 61 74...]
INFO NioProcessor-3 org.apache.mina.filter.logging.LoggingFilter - SENT: HeapBuffer[pos=0 lim=0 cap=0: empty]
INFO NioProcessor-3 org.apache.mina.filter.logging.LoggingFilter - RECEIVED: HeapBuffer[pos=0 lim=98 cap=136: 00 00 00 5E AC ED 00 05 73 72 01 00 2D 64 61 74...]
INFO NioProcessor-3 org.apache.mina.filter.logging.LoggingFilter - SENT: HeapBuffer[pos=0 lim=295 cap=512: 00 00 01 23 AC ED 00 05 73 72 01 00 2E 64 61 74...]
INFO NioProcessor-3 org.apache.mina.filter.logging.LoggingFilter - SENT: HeapBuffer[pos=0 lim=0 cap=0: empty]
INFO NioProcessor-3 org.apache.mina.filter.logging.LoggingFilter - IDLE
INFO NioProcessor-3 org.apache.mina.filter.logging.LoggingFilter - RECEIVED: HeapBuffer[pos=0 lim=415 cap=453: 00 00 01 9B AC ED 00 05 73 72 01 00 38 64 61 74...]
INFO NioProcessor-3 org.apache.mina.filter.logging.LoggingFilter - SENT: HeapBuffer[pos=0 lim=174 cap=256: 00 00 00 AA AC ED 00 05 73 72 01 00 39 64 61 74...]
INFO NioProcessor-3 org.apache.mina.filter.logging.LoggingFilter - SENT: HeapBuffer[pos=0 lim=0 cap=0: empty]
INFO NioProcessor-3 org.apache.mina.filter.logging.LoggingFilter - IDLE
INFO NioProcessor-3 org.apache.mina.filter.logging.LoggingFilter - IDLE
INFO NioProcessor-3 org.apache.mina.filter.logging.LoggingFilter - IDLE
INFO NioProcessor-3 org.apache.mina.filter.logging.LoggingFilter - CLOSED
INFO NioProcessor-2 org.apache.mina.filter.logging.LoggingFilter - CREATED
INFO NioProcessor-2 org.apache.mina.filter.logging.LoggingFilter - OPENED
INFO NioProcessor-2 org.apache.mina.filter.logging.LoggingFilter - RECEIVED: HeapBuffer[pos=0 lim=95 cap=133: 00 00 00 5B AC ED 00 05 73 72 01 00 2A 64 61 74...]
INFO NioProcessor-2 org.apache.mina.filter.logging.LoggingFilter - SENT: HeapBuffer[pos=0 lim=375 cap=512: 00 00 01 73 AC ED 00 05 73 72 01 00 28 64 61 74...]
INFO NioProcessor-2 org.apache.mina.filter.logging.LoggingFilter - SENT: HeapBuffer[pos=0 lim=0 cap=0: empty]
INFO NioProcessor-2 org.apache.mina.filter.logging.LoggingFilter - RECEIVED: HeapBuffer[pos=0 lim=98 cap=136: 00 00 00 5E AC ED 00 05 73 72 01 00 2D 64 61 74...]
INFO NioProcessor-2 org.apache.mina.filter.logging.LoggingFilter - SENT: HeapBuffer[pos=0 lim=295 cap=512: 00 00 01 23 AC ED 00 05 73 72 01 00 2E 64 61 74...]
INFO NioProcessor-2 org.apache.mina.filter.logging.LoggingFilter - SENT: HeapBuffer[pos=0 lim=0 cap=0: empty]
INFO NioProcessor-2 org.apache.mina.filter.logging.LoggingFilter - IDLE
INFO NioProcessor-2 org.apache.mina.filter.logging.LoggingFilter - IDLE
INFO NioProcessor-2 org.apache.mina.filter.logging.LoggingFilter - IDLE
INFO NioProcessor-2 org.apache.mina.filter.logging.LoggingFilter - IDLE
INFO NioProcessor-2 org.apache.mina.filter.logging.LoggingFilter - IDLE
INFO NioProcessor-2 org.apache.mina.filter.logging.LoggingFilter - RECEIVED: HeapBuffer[pos=0 lim=403 cap=441: 00 00 01 8F AC ED 00 05 73 72 01 00 38 64 61 74...]
INFO NioProcessor-2 org.apache.mina.filter.logging.LoggingFilter - SENT: HeapBuffer[pos=0 lim=174 cap=256: 00 00 00 AA AC ED 00 05 73 72 01 00 39 64 61 74...]
INFO NioProcessor-2 org.apache.mina.filter.logging.LoggingFilter - SENT: HeapBuffer[pos=0 lim=0 cap=0: empty]
INFO NioProcessor-2 org.apache.mina.filter.logging.LoggingFilter - IDLE
INFO NioProcessor-2 org.apache.mina.filter.logging.LoggingFilter - CLOSED
INFO NioProcessor-3 org.apache.mina.filter.logging.LoggingFilter - CREATED
INFO NioProcessor-3 org.apache.mina.filter.logging.LoggingFilter - OPENED
INFO NioProcessor-3 org.apache.mina.filter.logging.LoggingFilter - IDLE
INFO NioProcessor-3 org.apache.mina.filter.logging.LoggingFilter - RECEIVED: HeapBuffer[pos=0 lim=136 cap=174: 00 00 00 84 AC ED 00 05 73 72 01 00 35 64 61 74...]
INFO NioProcessor-3 org.apache.mina.filter.logging.LoggingFilter - SENT: HeapBuffer[pos=0 lim=150 cap=256: 00 00 00 92 AC ED 00 05 73 72 01 00 36 64 61 74...]
INFO NioProcessor-3 org.apache.mina.filter.logging.LoggingFilter - SENT: HeapBuffer[pos=0 lim=0 cap=0: empty]
INFO NioProcessor-3 org.apache.mina.filter.logging.LoggingFilter - IDLE
INFO NioProcessor-3 org.apache.mina.filter.logging.LoggingFilter - CLOSED
INFO NioProcessor-4 org.apache.mina.filter.logging.LoggingFilter - CREATED
INFO NioProcessor-4 org.apache.mina.filter.logging.LoggingFilter - OPENED
INFO NioProcessor-4 org.apache.mina.filter.logging.LoggingFilter - RECEIVED: HeapBuffer[pos=0 lim=109 cap=147: 00 00 00 69 AC ED 00 05 73 72 01 00 35 64 61 74...]
INFO NioProcessor-4 org.apache.mina.filter.logging.LoggingFilter - SENT: HeapBuffer[pos=0 lim=150 cap=256: 00 00 00 92 AC ED 00 05 73 72 01 00 36 64 61 74...]
INFO NioProcessor-4 org.apache.mina.filter.logging.LoggingFilter - SENT: HeapBuffer[pos=0 lim=0 cap=0: empty]
INFO NioProcessor-4 org.apache.mina.filter.logging.LoggingFilter - IDLE
INFO NioProcessor-4 org.apache.mina.filter.logging.LoggingFilter - CLOSED
INFO NioProcessor-2 org.apache.mina.filter.logging.LoggingFilter - CREATED
INFO NioProcessor-2 org.apache.mina.filter.logging.LoggingFilter - OPENED
INFO NioProcessor-2 org.apache.mina.filter.logging.LoggingFilter - RECEIVED: HeapBuffer[pos=0 lim=109 cap=147: 00 00 00 69 AC ED 00 05 73 72 01 00 35 64 61 74...]
INFO NioProcessor-2 org.apache.mina.filter.logging.LoggingFilter - SENT: HeapBuffer[pos=0 lim=150 cap=256: 00 00 00 92 AC ED 00 05 73 72 01 00 36 64 61 74...]
INFO NioProcessor-2 org.apache.mina.filter.logging.LoggingFilter - SENT: HeapBuffer[pos=0 lim=0 cap=0: empty]
INFO NioProcessor-2 org.apache.mina.filter.logging.LoggingFilter - RECEIVED: HeapBuffer[pos=0 lim=124 cap=162: 00 00 00 78 AC ED 00 05 73 72 01 00 35 64 61 74...]
INFO NioProcessor-2 org.apache.mina.filter.logging.LoggingFilter - SENT: HeapBuffer[pos=0 lim=150 cap=256: 00 00 00 92 AC ED 00 05 73 72 01 00 36 64 61 74...]
INFO NioProcessor-2 org.apache.mina.filter.logging.LoggingFilter - SENT: HeapBuffer[pos=0 lim=0 cap=0: empty]
INFO NioProcessor-2 org.apache.mina.filter.logging.LoggingFilter - RECEIVED: HeapBuffer[pos=0 lim=124 cap=162: 00 00 00 78 AC ED 00 05 73 72 01 00 35 64 61 74...]
INFO NioProcessor-2 org.apache.mina.filter.logging.LoggingFilter - SENT: HeapBuffer[pos=0 lim=150 cap=256: 00 00 00 92 AC ED 00 05 73 72 01 00 36 64 61 74...]
INFO NioProcessor-2 org.apache.mina.filter.logging.LoggingFilter - SENT: HeapBuffer[pos=0 lim=0 cap=0: empty]
INFO NioProcessor-2 org.apache.mina.filter.logging.LoggingFilter - RECEIVED: HeapBuffer[pos=0 lim=124 cap=162: 00 00 00 78 AC ED 00 05 73 72 01 00 35 64 61 74...]
INFO NioProcessor-2 org.apache.mina.filter.logging.LoggingFilter - SENT: HeapBuffer[pos=0 lim=150 cap=256: 00 00 00 92 AC ED 00 05 73 72 01 00 36 64 61 74...]
INFO NioProcessor-2 org.apache.mina.filter.logging.LoggingFilter - SENT: HeapBuffer[pos=0 lim=0 cap=0: empty]
INFO NioProcessor-2 org.apache.mina.filter.logging.LoggingFilter - IDLE
INFO NioProcessor-2 org.apache.mina.filter.logging.LoggingFilter - RECEIVED: HeapBuffer[pos=0 lim=125 cap=163: 00 00 00 79 AC ED 00 05 73 72 01 00 35 64 61 74...]
INFO NioProcessor-2 org.apache.mina.filter.logging.LoggingFilter - SENT: HeapBuffer[pos=0 lim=461 cap=512: 00 00 01 C9 AC ED 00 05 73 72 01 00 36 64 61 74...]
INFO NioProcessor-2 org.apache.mina.filter.logging.LoggingFilter - SENT: HeapBuffer[pos=0 lim=0 cap=0: empty]
INFO NioProcessor-2 org.apache.mina.filter.logging.LoggingFilter - IDLE
INFO NioProcessor-2 org.apache.mina.filter.logging.LoggingFilter - IDLE
INFO NioProcessor-2 org.apache.mina.filter.logging.LoggingFilter - IDLE
INFO NioProcessor-2 org.apache.mina.filter.logging.LoggingFilter - IDLE
INFO NioProcessor-2 org.apache.mina.filter.logging.LoggingFilter - IDLE
INFO NioProcessor-2 org.apache.mina.filter.logging.LoggingFilter - IDLE
INFO NioProcessor-2 org.apache.mina.filter.logging.LoggingFilter - IDLE
INFO NioProcessor-2 org.apache.mina.filter.logging.LoggingFilter - IDLE
INFO NioProcessor-2 org.apache.mina.filter.logging.LoggingFilter - IDLE
INFO NioProcessor-2 org.apache.mina.filter.logging.LoggingFilter - IDLE
INFO NioProcessor-2 org.apache.mina.filter.logging.LoggingFilter - CREATED
INFO NioProcessor-2 org.apache.mina.filter.logging.LoggingFilter - OPENED
INFO NioProcessor-2 org.apache.mina.filter.logging.LoggingFilter - IDLE
INFO NioProcessor-2 org.apache.mina.filter.logging.LoggingFilter - RECEIVED: HeapBuffer[pos=0 lim=125 cap=163: 00 00 00 79 AC ED 00 05 73 72 01 00 35 64 61 74...]
INFO NioProcessor-2 org.apache.mina.filter.logging.LoggingFilter - SENT: HeapBuffer[pos=0 lim=461 cap=512: 00 00 01 C9 AC ED 00 05 73 72 01 00 36 64 61 74...]
INFO NioProcessor-2 org.apache.mina.filter.logging.LoggingFilter - SENT: HeapBuffer[pos=0 lim=0 cap=0: empty]
INFO NioProcessor-2 org.apache.mina.filter.logging.LoggingFilter - IDLE
INFO NioProcessor-2 org.apache.mina.filter.logging.LoggingFilter - IDLE
INFO NioProcessor-2 org.apache.mina.filter.logging.LoggingFilter - RECEIVED: HeapBuffer[pos=0 lim=109 cap=147: 00 00 00 69 AC ED 00 05 73 72 01 00 2D 64 61 74...]
INFO NioProcessor-2 org.apache.mina.filter.logging.LoggingFilter - SENT: HeapBuffer[pos=0 lim=141 cap=256: 00 00 00 89 AC ED 00 05 73 72 01 00 2E 64 61 74...]
INFO NioProcessor-2 org.apache.mina.filter.logging.LoggingFilter - SENT: HeapBuffer[pos=0 lim=0 cap=0: empty]
INFO NioProcessor-2 org.apache.mina.filter.logging.LoggingFilter - RECEIVED: HeapBuffer[pos=0 lim=125 cap=163: 00 00 00 79 AC ED 00 05 73 72 01 00 2C 64 61 74...]
INFO NioProcessor-2 org.apache.mina.filter.logging.LoggingFilter - SENT: HeapBuffer[pos=0 lim=140 cap=256: 00 00 00 88 AC ED 00 05 73 72 01 00 2D 64 61 74...]
INFO NioProcessor-2 org.apache.mina.filter.logging.LoggingFilter - SENT: HeapBuffer[pos=0 lim=0 cap=0: empty]
INFO NioProcessor-2 org.apache.mina.filter.logging.LoggingFilter - IDLE
INFO NioProcessor-2 org.apache.mina.filter.logging.LoggingFilter - RECEIVED: HeapBuffer[pos=0 lim=109 cap=147: 00 00 00 69 AC ED 00 05 73 72 01 00 2D 64 61 74...]
INFO NioProcessor-2 org.apache.mina.filter.logging.LoggingFilter - SENT: HeapBuffer[pos=0 lim=141 cap=256: 00 00 00 89 AC ED 00 05 73 72 01 00 2E 64 61 74...]
INFO NioProcessor-2 org.apache.mina.filter.logging.LoggingFilter - SENT: HeapBuffer[pos=0 lim=0 cap=0: empty]
INFO NioProcessor-2 org.apache.mina.filter.logging.LoggingFilter - RECEIVED: HeapBuffer[pos=0 lim=125 cap=163: 00 00 00 79 AC ED 00 05 73 72 01 00 2C 64 61 74...]
INFO NioProcessor-2 org.apache.mina.filter.logging.LoggingFilter - SENT: HeapBuffer[pos=0 lim=140 cap=256: 00 00 00 88 AC ED 00 05 73 72 01 00 2D 64 61 74...]
INFO NioProcessor-2 org.apache.mina.filter.logging.LoggingFilter - SENT: HeapBuffer[pos=0 lim=0 cap=0: empty]
INFO NioProcessor-2 org.apache.mina.filter.logging.LoggingFilter - IDLE
INFO NioProcessor-2 org.apache.mina.filter.logging.LoggingFilter - RECEIVED: HeapBuffer[pos=0 lim=109 cap=147: 00 00 00 69 AC ED 00 05 73 72 01 00 2D 64 61 74...]
INFO NioProcessor-2 org.apache.mina.filter.logging.LoggingFilter - SENT: HeapBuffer[pos=0 lim=141 cap=256: 00 00 00 89 AC ED 00 05 73 72 01 00 2E 64 61 74...]
INFO NioProcessor-2 org.apache.mina.filter.logging.LoggingFilter - SENT: HeapBuffer[pos=0 lim=0 cap=0: empty]
INFO NioProcessor-2 org.apache.mina.filter.logging.LoggingFilter - RECEIVED: HeapBuffer[pos=0 lim=122 cap=160: 00 00 00 76 AC ED 00 05 73 72 01 00 2C 64 61 74...]
INFO NioProcessor-2 org.apache.mina.filter.logging.LoggingFilter - SENT: HeapBuffer[pos=0 lim=140 cap=256: 00 00 00 88 AC ED 00 05 73 72 01 00 2D 64 61 74...]
INFO NioProcessor-2 org.apache.mina.filter.logging.LoggingFilter - SENT: HeapBuffer[pos=0 lim=0 cap=0: empty]
INFO NioProcessor-2 org.apache.mina.filter.logging.LoggingFilter - IDLE
INFO NioProcessor-2 org.apache.mina.filter.logging.LoggingFilter - IDLE
INFO NioProcessor-2 org.apache.mina.filter.logging.LoggingFilter - CLOSED
INFO NioProcessor-3 org.apache.mina.filter.logging.LoggingFilter - CREATED
INFO NioProcessor-3 org.apache.mina.filter.logging.LoggingFilter - OPENED
INFO NioProcessor-3 org.apache.mina.filter.logging.LoggingFilter - RECEIVED: HeapBuffer[pos=0 lim=125 cap=163: 00 00 00 79 AC ED 00 05 73 72 01 00 35 64 61 74...]
INFO NioProcessor-3 org.apache.mina.filter.logging.LoggingFilter - SENT: HeapBuffer[pos=0 lim=461 cap=512: 00 00 01 C9 AC ED 00 05 73 72 01 00 36 64 61 74...]
INFO NioProcessor-3 org.apache.mina.filter.logging.LoggingFilter - SENT: HeapBuffer[pos=0 lim=0 cap=0: empty]
INFO NioProcessor-3 org.apache.mina.filter.logging.LoggingFilter - IDLE
INFO NioProcessor-3 org.apache.mina.filter.logging.LoggingFilter - IDLE
INFO NioProcessor-3 org.apache.mina.filter.logging.LoggingFilter - RECEIVED: HeapBuffer[pos=0 lim=109 cap=147: 00 00 00 69 AC ED 00 05 73 72 01 00 2D 64 61 74...]
INFO NioProcessor-3 org.apache.mina.filter.logging.LoggingFilter - SENT: HeapBuffer[pos=0 lim=141 cap=256: 00 00 00 89 AC ED 00 05 73 72 01 00 2E 64 61 74...]
INFO NioProcessor-3 org.apache.mina.filter.logging.LoggingFilter - SENT: HeapBuffer[pos=0 lim=0 cap=0: empty]
INFO NioProcessor-3 org.apache.mina.filter.logging.LoggingFilter - RECEIVED: HeapBuffer[pos=0 lim=124 cap=162: 00 00 00 78 AC ED 00 05 73 72 01 00 2C 64 61 74...]
INFO NioProcessor-3 org.apache.mina.filter.logging.LoggingFilter - SENT: HeapBuffer[pos=0 lim=140 cap=256: 00 00 00 88 AC ED 00 05 73 72 01 00 2D 64 61 74...]
INFO NioProcessor-3 org.apache.mina.filter.logging.LoggingFilter - SENT: HeapBuffer[pos=0 lim=0 cap=0: empty]
INFO NioProcessor-3 org.apache.mina.filter.logging.LoggingFilter - IDLE
INFO NioProcessor-3 org.apache.mina.filter.logging.LoggingFilter - CLOSED
